{"/home/andrew/Projects/typescript-erwinmvc/src/framework/Auth.ts": {"path":"/home/andrew/Projects/typescript-erwinmvc/src/framework/Auth.ts","statementMap":{"0":{"start":{"line":8,"column":0},"end":{"line":8,"column":7}},"1":{"start":{"line":16,"column":0},"end":{"line":16,"column":7}},"2":{"start":{"line":27,"column":0},"end":{"line":27,"column":16}},"3":{"start":{"line":39,"column":0},"end":{"line":39,"column":16}},"4":{"start":{"line":51,"column":0},"end":{"line":51,"column":16}},"5":{"start":{"line":1,"column":0},"end":{"line":1,"column":31}},"6":{"start":{"line":2,"column":0},"end":{"line":2,"column":30}},"7":{"start":{"line":9,"column":15},"end":{"line":9,"column":39}},"8":{"start":{"line":10,"column":2},"end":{"line":10,"column":34}},"9":{"start":{"line":20,"column":2},"end":{"line":20,"column":37}},"10":{"start":{"line":28,"column":17},"end":{"line":28,"column":39}},"11":{"start":{"line":29,"column":2},"end":{"line":31,"column":3}},"12":{"start":{"line":30,"column":4},"end":{"line":30,"column":66}},"13":{"start":{"line":32,"column":2},"end":{"line":32,"column":69}},"14":{"start":{"line":40,"column":17},"end":{"line":40,"column":39}},"15":{"start":{"line":41,"column":2},"end":{"line":43,"column":3}},"16":{"start":{"line":42,"column":4},"end":{"line":42,"column":66}},"17":{"start":{"line":44,"column":2},"end":{"line":44,"column":35}},"18":{"start":{"line":56,"column":17},"end":{"line":56,"column":44}},"19":{"start":{"line":57,"column":16},"end":{"line":57,"column":70}},"20":{"start":{"line":59,"column":2},"end":{"line":62,"column":3}},"21":{"start":{"line":60,"column":4},"end":{"line":60,"column":52}},"22":{"start":{"line":61,"column":4},"end":{"line":61,"column":11}},"23":{"start":{"line":64,"column":2},"end":{"line":70,"column":3}},"24":{"start":{"line":65,"column":20},"end":{"line":65,"column":38}},"25":{"start":{"line":66,"column":4},"end":{"line":66,"column":23}},"26":{"start":{"line":67,"column":4},"end":{"line":67,"column":11}},"27":{"start":{"line":69,"column":4},"end":{"line":69,"column":53}}},"fnMap":{"0":{"name":"hashPassword","decl":{"start":{"line":8,"column":22},"end":{"line":8,"column":34}},"loc":{"start":{"line":8,"column":48},"end":{"line":11,"column":1}}},"1":{"name":"verifyPassword","decl":{"start":{"line":16,"column":22},"end":{"line":16,"column":36}},"loc":{"start":{"line":18,"column":14},"end":{"line":21,"column":1}}},"2":{"name":"signToken","decl":{"start":{"line":27,"column":16},"end":{"line":27,"column":25}},"loc":{"start":{"line":27,"column":76},"end":{"line":33,"column":1}}},"3":{"name":"verifyToken","decl":{"start":{"line":39,"column":16},"end":{"line":39,"column":27}},"loc":{"start":{"line":39,"column":41},"end":{"line":45,"column":1}}},"4":{"name":"authenticate","decl":{"start":{"line":51,"column":16},"end":{"line":51,"column":28}},"loc":{"start":{"line":54,"column":20},"end":{"line":71,"column":1}}}},"branchMap":{"0":{"loc":{"start":{"line":27,"column":43},"end":{"line":27,"column":76}},"type":"default-arg","locations":[{"start":{"line":27,"column":72},"end":{"line":27,"column":76}}]},"1":{"loc":{"start":{"line":29,"column":2},"end":{"line":31,"column":3}},"type":"if","locations":[{"start":{"line":29,"column":2},"end":{"line":31,"column":3}}]},"2":{"loc":{"start":{"line":41,"column":2},"end":{"line":43,"column":3}},"type":"if","locations":[{"start":{"line":41,"column":2},"end":{"line":43,"column":3}}]},"3":{"loc":{"start":{"line":57,"column":16},"end":{"line":57,"column":70}},"type":"cond-expr","locations":[{"start":{"line":57,"column":48},"end":{"line":57,"column":63}},{"start":{"line":57,"column":66},"end":{"line":57,"column":70}}]},"4":{"loc":{"start":{"line":59,"column":2},"end":{"line":62,"column":3}},"type":"if","locations":[{"start":{"line":59,"column":2},"end":{"line":62,"column":3}}]}},"s":{"0":1,"1":1,"2":1,"3":1,"4":1,"5":1,"6":1,"7":5,"8":5,"9":2,"10":7,"11":7,"12":1,"13":6,"14":8,"15":8,"16":2,"17":6,"18":6,"19":6,"20":6,"21":2,"22":2,"23":4,"24":4,"25":2,"26":2,"27":2},"f":{"0":5,"1":2,"2":7,"3":8,"4":6},"b":{"0":[6],"1":[1],"2":[2],"3":[4,2],"4":[2]}}
}
