TN:
SF:src/framework/Auth.ts
FN:8,hashPassword
FN:16,verifyPassword
FN:27,signToken
FN:39,verifyToken
FN:51,authenticate
FNF:5
FNH:5
FNDA:5,hashPassword
FNDA:2,verifyPassword
FNDA:7,signToken
FNDA:8,verifyToken
FNDA:6,authenticate
DA:1,1
DA:2,1
DA:8,1
DA:9,5
DA:10,5
DA:16,1
DA:20,2
DA:27,1
DA:28,7
DA:29,7
DA:30,1
DA:32,6
DA:39,1
DA:40,8
DA:41,8
DA:42,2
DA:44,6
DA:51,1
DA:56,6
DA:57,6
DA:59,6
DA:60,2
DA:61,2
DA:64,4
DA:65,4
DA:66,2
DA:67,2
DA:69,2
LF:28
LH:28
BRDA:27,0,0,6
BRDA:29,1,0,1
BRDA:41,2,0,2
BRDA:57,3,0,4
BRDA:57,3,1,2
BRDA:59,4,0,2
BRF:6
BRH:6
end_of_record
